<?xml version="1.0" encoding="UTF-8"?>
<testsuite name="de.htwberlin.webtech.WebtechApplicationTests" tests="1" skipped="0" failures="0" errors="0" timestamp="2022-10-24T19:25:19" hostname="max-Yoga-7-14ARB7" time="0.169">
  <properties/>
  <testcase name="contextLoads()" classname="de.htwberlin.webtech.WebtechApplicationTests" time="0.169"/>
  <system-out><![CDATA[21:25:18.626 [Test worker] DEBUG org.springframework.test.context.BootstrapUtils - Instantiating CacheAwareContextLoaderDelegate from class [org.springframework.test.context.cache.DefaultCacheAwareContextLoaderDelegate]
21:25:18.631 [Test worker] DEBUG org.springframework.test.context.BootstrapUtils - Instantiating BootstrapContext using constructor [public org.springframework.test.context.support.DefaultBootstrapContext(java.lang.Class,org.springframework.test.context.CacheAwareContextLoaderDelegate)]
21:25:18.649 [Test worker] DEBUG org.springframework.test.context.BootstrapUtils - Instantiating TestContextBootstrapper for test class [de.htwberlin.webtech.WebtechApplicationTests] from class [org.springframework.boot.test.context.SpringBootTestContextBootstrapper]
21:25:18.654 [Test worker] INFO org.springframework.boot.test.context.SpringBootTestContextBootstrapper - Neither @ContextConfiguration nor @ContextHierarchy found for test class [de.htwberlin.webtech.WebtechApplicationTests], using SpringBootContextLoader
21:25:18.655 [Test worker] DEBUG org.springframework.test.context.support.AbstractContextLoader - Did not detect default resource location for test class [de.htwberlin.webtech.WebtechApplicationTests]: class path resource [de/htwberlin/webtech/WebtechApplicationTests-context.xml] does not exist
21:25:18.656 [Test worker] DEBUG org.springframework.test.context.support.AbstractContextLoader - Did not detect default resource location for test class [de.htwberlin.webtech.WebtechApplicationTests]: class path resource [de/htwberlin/webtech/WebtechApplicationTestsContext.groovy] does not exist
21:25:18.656 [Test worker] INFO org.springframework.test.context.support.AbstractContextLoader - Could not detect default resource locations for test class [de.htwberlin.webtech.WebtechApplicationTests]: no resource found for suffixes {-context.xml, Context.groovy}.
21:25:18.656 [Test worker] INFO org.springframework.test.context.support.AnnotationConfigContextLoaderUtils - Could not detect default configuration classes for test class [de.htwberlin.webtech.WebtechApplicationTests]: WebtechApplicationTests does not declare any static, non-private, non-final, nested classes annotated with @Configuration.
21:25:18.675 [Test worker] DEBUG org.springframework.test.context.support.ActiveProfilesUtils - Could not find an 'annotation declaring class' for annotation type [org.springframework.test.context.ActiveProfiles] and class [de.htwberlin.webtech.WebtechApplicationTests]
21:25:18.701 [Test worker] DEBUG org.springframework.context.annotation.ClassPathScanningCandidateComponentProvider - Identified candidate component class: file [/home/max/Documents/webtech/build/classes/java/main/de/htwberlin/webtech/WebtechApplication.class]
21:25:18.701 [Test worker] INFO org.springframework.boot.test.context.SpringBootTestContextBootstrapper - Found @SpringBootConfiguration de.htwberlin.webtech.WebtechApplication for test class de.htwberlin.webtech.WebtechApplicationTests
21:25:18.738 [Test worker] DEBUG org.springframework.boot.test.context.SpringBootTestContextBootstrapper - @TestExecutionListeners is not present for class [de.htwberlin.webtech.WebtechApplicationTests]: using defaults.
21:25:18.739 [Test worker] INFO org.springframework.boot.test.context.SpringBootTestContextBootstrapper - Loaded default TestExecutionListener class names from location [META-INF/spring.factories]: [org.springframework.boot.test.autoconfigure.restdocs.RestDocsTestExecutionListener, org.springframework.boot.test.autoconfigure.web.client.MockRestServiceServerResetTestExecutionListener, org.springframework.boot.test.autoconfigure.web.servlet.MockMvcPrintOnlyOnFailureTestExecutionListener, org.springframework.boot.test.autoconfigure.web.servlet.WebDriverTestExecutionListener, org.springframework.boot.test.autoconfigure.webservices.client.MockWebServiceServerTestExecutionListener, org.springframework.boot.test.mock.mockito.MockitoTestExecutionListener, org.springframework.boot.test.mock.mockito.ResetMocksTestExecutionListener, org.springframework.test.context.web.ServletTestExecutionListener, org.springframework.test.context.support.DirtiesContextBeforeModesTestExecutionListener, org.springframework.test.context.event.ApplicationEventsTestExecutionListener, org.springframework.test.context.support.DependencyInjectionTestExecutionListener, org.springframework.test.context.support.DirtiesContextTestExecutionListener, org.springframework.test.context.transaction.TransactionalTestExecutionListener, org.springframework.test.context.jdbc.SqlScriptsTestExecutionListener, org.springframework.test.context.event.EventPublishingTestExecutionListener]
21:25:18.743 [Test worker] DEBUG org.springframework.boot.test.context.SpringBootTestContextBootstrapper - Skipping candidate TestExecutionListener [org.springframework.test.context.transaction.TransactionalTestExecutionListener] due to a missing dependency. Specify custom listener classes or make the default listener classes and their required dependencies available. Offending class: [org/springframework/transaction/interceptor/TransactionAttributeSource]
21:25:18.743 [Test worker] DEBUG org.springframework.boot.test.context.SpringBootTestContextBootstrapper - Skipping candidate TestExecutionListener [org.springframework.test.context.jdbc.SqlScriptsTestExecutionListener] due to a missing dependency. Specify custom listener classes or make the default listener classes and their required dependencies available. Offending class: [org/springframework/transaction/interceptor/TransactionAttribute]
21:25:18.744 [Test worker] INFO org.springframework.boot.test.context.SpringBootTestContextBootstrapper - Using TestExecutionListeners: [org.springframework.test.context.web.ServletTestExecutionListener@2a3c96e3, org.springframework.test.context.support.DirtiesContextBeforeModesTestExecutionListener@15cafec7, org.springframework.test.context.event.ApplicationEventsTestExecutionListener@5b444398, org.springframework.boot.test.mock.mockito.MockitoTestExecutionListener@cb191ca, org.springframework.boot.test.autoconfigure.SpringBootDependencyInjectionTestExecutionListener@42f48531, org.springframework.test.context.support.DirtiesContextTestExecutionListener@a776e, org.springframework.test.context.event.EventPublishingTestExecutionListener@792bbc74, org.springframework.boot.test.autoconfigure.restdocs.RestDocsTestExecutionListener@79145d5a, org.springframework.boot.test.autoconfigure.web.client.MockRestServiceServerResetTestExecutionListener@1f2f9244, org.springframework.boot.test.autoconfigure.web.servlet.MockMvcPrintOnlyOnFailureTestExecutionListener@4c4d27c8, org.springframework.boot.test.autoconfigure.web.servlet.WebDriverTestExecutionListener@6821ea29, org.springframework.boot.test.autoconfigure.webservices.client.MockWebServiceServerTestExecutionListener@338494fa, org.springframework.boot.test.mock.mockito.ResetMocksTestExecutionListener@505a9d7c]
21:25:18.745 [Test worker] DEBUG org.springframework.test.context.support.AbstractDirtiesContextTestExecutionListener - Before test class: context [DefaultTestContext@726e5805 testClass = WebtechApplicationTests, testInstance = [null], testMethod = [null], testException = [null], mergedContextConfiguration = [WebMergedContextConfiguration@40c80397 testClass = WebtechApplicationTests, locations = '{}', classes = '{class de.htwberlin.webtech.WebtechApplication}', contextInitializerClasses = '[]', activeProfiles = '{}', propertySourceLocations = '{}', propertySourceProperties = '{org.springframework.boot.test.context.SpringBootTestContextBootstrapper=true}', contextCustomizers = set[org.springframework.boot.test.autoconfigure.actuate.metrics.MetricsExportContextCustomizerFactory$DisableMetricExportContextCustomizer@71329995, org.springframework.boot.test.autoconfigure.properties.PropertyMappingContextCustomizer@0, org.springframework.boot.test.autoconfigure.web.servlet.WebDriverContextCustomizerFactory$Customizer@38604b81, org.springframework.boot.test.context.filter.ExcludeFilterContextCustomizer@ae3540e, org.springframework.boot.test.json.DuplicateJsonObjectContextCustomizerFactory$DuplicateJsonObjectContextCustomizer@457c9034, org.springframework.boot.test.mock.mockito.MockitoContextCustomizer@0, org.springframework.boot.test.web.client.TestRestTemplateContextCustomizer@36060e, org.springframework.boot.test.context.SpringBootTestArgs@1, org.springframework.boot.test.context.SpringBootTestWebEnvironment@305b7c14], resourceBasePath = 'src/main/webapp', contextLoader = 'org.springframework.boot.test.context.SpringBootContextLoader', parent = [null]], attributes = map['org.springframework.test.context.web.ServletTestExecutionListener.activateListener' -> true]], class annotated with @DirtiesContext [false] with mode [null].

  .   ____          _            __ _ _
 /\\ / ___'_ __ _ _(_)_ __  __ _ \ \ \ \
( ( )\___ | '_ | '_| | '_ \/ _` | \ \ \ \
 \\/  ___)| |_)| | | | | || (_| |  ) ) ) )
  '  |____| .__|_| |_|_| |_\__, | / / / /
 =========|_|==============|___/=/_/_/_/
 :: Spring Boot ::                (v2.7.5)

2022-10-24 21:25:18.882  INFO 15646 --- [    Test worker] d.h.webtech.WebtechApplicationTests      : Starting WebtechApplicationTests using Java 17.0.4 on max-Yoga-7-14ARB7 with PID 15646 (started by max in /home/max/Documents/webtech)
2022-10-24 21:25:18.883  INFO 15646 --- [    Test worker] d.h.webtech.WebtechApplicationTests      : No active profile set, falling back to 1 default profile: "default"
2022-10-24 21:25:19.544  INFO 15646 --- [    Test worker] d.h.webtech.WebtechApplicationTests      : Started WebtechApplicationTests in 0.782 seconds (JVM running for 1.289)
]]></system-out>
  <system-err><![CDATA[]]></system-err>
</testsuite>
