<?xml version="1.0" encoding="UTF-8"?>
<testsuite name="de.htwberlin.webtech.web.HabitRestControllerTest" tests="1" skipped="0" failures="0" errors="0" timestamp="2023-01-08T15:19:25" hostname="maxlinuxyoga" time="0.08">
  <properties/>
  <testcase name="should validate create habit request" classname="de.htwberlin.webtech.web.HabitRestControllerTest" time="0.08"/>
  <system-out><![CDATA[16:19:23.573 [Test worker] DEBUG org.springframework.test.context.BootstrapUtils - Instantiating CacheAwareContextLoaderDelegate from class [org.springframework.test.context.cache.DefaultCacheAwareContextLoaderDelegate]
16:19:23.579 [Test worker] DEBUG org.springframework.test.context.BootstrapUtils - Instantiating BootstrapContext using constructor [public org.springframework.test.context.support.DefaultBootstrapContext(java.lang.Class,org.springframework.test.context.CacheAwareContextLoaderDelegate)]
16:19:23.605 [Test worker] DEBUG org.springframework.test.context.BootstrapUtils - Instantiating TestContextBootstrapper for test class [de.htwberlin.webtech.web.HabitRestControllerTest] from class [org.springframework.boot.test.autoconfigure.web.servlet.WebMvcTestContextBootstrapper]
16:19:23.614 [Test worker] INFO org.springframework.boot.test.autoconfigure.web.servlet.WebMvcTestContextBootstrapper - Neither @ContextConfiguration nor @ContextHierarchy found for test class [de.htwberlin.webtech.web.HabitRestControllerTest], using SpringBootContextLoader
16:19:23.616 [Test worker] DEBUG org.springframework.test.context.support.AbstractContextLoader - Did not detect default resource location for test class [de.htwberlin.webtech.web.HabitRestControllerTest]: class path resource [de/htwberlin/webtech/web/HabitRestControllerTest-context.xml] does not exist
16:19:23.617 [Test worker] DEBUG org.springframework.test.context.support.AbstractContextLoader - Did not detect default resource location for test class [de.htwberlin.webtech.web.HabitRestControllerTest]: class path resource [de/htwberlin/webtech/web/HabitRestControllerTestContext.groovy] does not exist
16:19:23.617 [Test worker] INFO org.springframework.test.context.support.AbstractContextLoader - Could not detect default resource locations for test class [de.htwberlin.webtech.web.HabitRestControllerTest]: no resource found for suffixes {-context.xml, Context.groovy}.
16:19:23.617 [Test worker] INFO org.springframework.test.context.support.AnnotationConfigContextLoaderUtils - Could not detect default configuration classes for test class [de.htwberlin.webtech.web.HabitRestControllerTest]: HabitRestControllerTest does not declare any static, non-private, non-final, nested classes annotated with @Configuration.
16:19:23.667 [Test worker] DEBUG org.springframework.test.context.support.ActiveProfilesUtils - Could not find an 'annotation declaring class' for annotation type [org.springframework.test.context.ActiveProfiles] and class [de.htwberlin.webtech.web.HabitRestControllerTest]
16:19:23.708 [Test worker] DEBUG org.springframework.context.annotation.ClassPathScanningCandidateComponentProvider - Identified candidate component class: file [/home/max/WebTechProjekt_Max/build/classes/java/main/de/htwberlin/webtech/WebtechApplication.class]
16:19:23.709 [Test worker] INFO org.springframework.boot.test.context.SpringBootTestContextBootstrapper - Found @SpringBootConfiguration de.htwberlin.webtech.WebtechApplication for test class de.htwberlin.webtech.web.HabitRestControllerTest
16:19:23.712 [Test worker] DEBUG org.springframework.boot.test.autoconfigure.web.servlet.WebMvcTestContextBootstrapper - @TestExecutionListeners is not present for class [de.htwberlin.webtech.web.HabitRestControllerTest]: using defaults.
16:19:23.713 [Test worker] INFO org.springframework.boot.test.autoconfigure.web.servlet.WebMvcTestContextBootstrapper - Loaded default TestExecutionListener class names from location [META-INF/spring.factories]: [org.springframework.boot.test.autoconfigure.restdocs.RestDocsTestExecutionListener, org.springframework.boot.test.autoconfigure.web.client.MockRestServiceServerResetTestExecutionListener, org.springframework.boot.test.autoconfigure.web.servlet.MockMvcPrintOnlyOnFailureTestExecutionListener, org.springframework.boot.test.autoconfigure.web.servlet.WebDriverTestExecutionListener, org.springframework.boot.test.autoconfigure.webservices.client.MockWebServiceServerTestExecutionListener, org.springframework.boot.test.mock.mockito.MockitoTestExecutionListener, org.springframework.boot.test.mock.mockito.ResetMocksTestExecutionListener, org.springframework.test.context.web.ServletTestExecutionListener, org.springframework.test.context.support.DirtiesContextBeforeModesTestExecutionListener, org.springframework.test.context.event.ApplicationEventsTestExecutionListener, org.springframework.test.context.support.DependencyInjectionTestExecutionListener, org.springframework.test.context.support.DirtiesContextTestExecutionListener, org.springframework.test.context.transaction.TransactionalTestExecutionListener, org.springframework.test.context.jdbc.SqlScriptsTestExecutionListener, org.springframework.test.context.event.EventPublishingTestExecutionListener]
16:19:23.722 [Test worker] INFO org.springframework.boot.test.autoconfigure.web.servlet.WebMvcTestContextBootstrapper - Using TestExecutionListeners: [org.springframework.test.context.web.ServletTestExecutionListener@18025ced, org.springframework.test.context.support.DirtiesContextBeforeModesTestExecutionListener@13cf7d52, org.springframework.test.context.event.ApplicationEventsTestExecutionListener@3a3e4aff, org.springframework.boot.test.mock.mockito.MockitoTestExecutionListener@5d2a4eed, org.springframework.boot.test.autoconfigure.SpringBootDependencyInjectionTestExecutionListener@57459491, org.springframework.test.context.support.DirtiesContextTestExecutionListener@3f0846c6, org.springframework.test.context.transaction.TransactionalTestExecutionListener@77a98a6a, org.springframework.test.context.jdbc.SqlScriptsTestExecutionListener@78fbff54, org.springframework.test.context.event.EventPublishingTestExecutionListener@3e10dc6, org.springframework.boot.test.autoconfigure.restdocs.RestDocsTestExecutionListener@7e22550a, org.springframework.boot.test.autoconfigure.web.client.MockRestServiceServerResetTestExecutionListener@45e37a7e, org.springframework.boot.test.autoconfigure.web.servlet.MockMvcPrintOnlyOnFailureTestExecutionListener@62452cc9, org.springframework.boot.test.autoconfigure.web.servlet.WebDriverTestExecutionListener@6941827a, org.springframework.boot.test.autoconfigure.webservices.client.MockWebServiceServerTestExecutionListener@5a7005d, org.springframework.boot.test.mock.mockito.ResetMocksTestExecutionListener@5bc9ba1d]
16:19:23.724 [Test worker] DEBUG org.springframework.test.context.support.AbstractDirtiesContextTestExecutionListener - Before test class: context [DefaultTestContext@62e6b5c8 testClass = HabitRestControllerTest, testInstance = [null], testMethod = [null], testException = [null], mergedContextConfiguration = [WebMergedContextConfiguration@3f792b9b testClass = HabitRestControllerTest, locations = '{}', classes = '{class de.htwberlin.webtech.WebtechApplication}', contextInitializerClasses = '[]', activeProfiles = '{}', propertySourceLocations = '{}', propertySourceProperties = '{org.springframework.boot.test.autoconfigure.web.servlet.WebMvcTestContextBootstrapper=true}', contextCustomizers = set[org.springframework.boot.test.autoconfigure.OverrideAutoConfigurationContextCustomizerFactory$DisableAutoConfigurationContextCustomizer@38aa816f, org.springframework.boot.test.autoconfigure.actuate.metrics.MetricsExportContextCustomizerFactory$DisableMetricExportContextCustomizer@13330ac6, org.springframework.boot.test.autoconfigure.filter.TypeExcludeFiltersContextCustomizer@c2623854, org.springframework.boot.test.autoconfigure.properties.PropertyMappingContextCustomizer@2417f000, org.springframework.boot.test.autoconfigure.web.servlet.WebDriverContextCustomizerFactory$Customizer@77825085, [ImportsContextCustomizer@7b8233cd key = [org.springframework.boot.autoconfigure.cache.CacheAutoConfiguration, org.springframework.boot.autoconfigure.context.MessageSourceAutoConfiguration, org.springframework.boot.autoconfigure.data.web.SpringDataWebAutoConfiguration, org.springframework.boot.autoconfigure.freemarker.FreeMarkerAutoConfiguration, org.springframework.boot.autoconfigure.groovy.template.GroovyTemplateAutoConfiguration, org.springframework.boot.autoconfigure.gson.GsonAutoConfiguration, org.springframework.boot.autoconfigure.hateoas.HypermediaAutoConfiguration, org.springframework.boot.autoconfigure.http.HttpMessageConvertersAutoConfiguration, org.springframework.boot.autoconfigure.jackson.JacksonAutoConfiguration, org.springframework.boot.autoconfigure.jsonb.JsonbAutoConfiguration, org.springframework.boot.autoconfigure.mustache.MustacheAutoConfiguration, org.springframework.boot.autoconfigure.task.TaskExecutionAutoConfiguration, org.springframework.boot.autoconfigure.thymeleaf.ThymeleafAutoConfiguration, org.springframework.boot.autoconfigure.validation.ValidationAutoConfiguration, org.springframework.boot.autoconfigure.web.servlet.error.ErrorMvcAutoConfiguration, org.springframework.boot.autoconfigure.web.servlet.HttpEncodingAutoConfiguration, org.springframework.boot.autoconfigure.web.servlet.WebMvcAutoConfiguration, org.springframework.boot.test.autoconfigure.web.servlet.MockMvcAutoConfiguration, org.springframework.boot.test.autoconfigure.web.servlet.MockMvcWebClientAutoConfiguration, org.springframework.boot.test.autoconfigure.web.servlet.MockMvcWebDriverAutoConfiguration, org.springframework.boot.autoconfigure.security.oauth2.client.servlet.OAuth2ClientAutoConfiguration, org.springframework.boot.autoconfigure.security.oauth2.resource.servlet.OAuth2ResourceServerAutoConfiguration, org.springframework.boot.autoconfigure.security.servlet.SecurityAutoConfiguration, org.springframework.boot.autoconfigure.security.servlet.SecurityFilterAutoConfiguration, org.springframework.boot.autoconfigure.security.servlet.UserDetailsServiceAutoConfiguration, org.springframework.boot.test.autoconfigure.web.servlet.MockMvcSecurityConfiguration, org.springframework.boot.test.autoconfigure.web.reactive.WebTestClientAutoConfiguration]], org.springframework.boot.test.context.filter.ExcludeFilterContextCustomizer@126945f9, org.springframework.boot.test.json.DuplicateJsonObjectContextCustomizerFactory$DuplicateJsonObjectContextCustomizer@35229f85, org.springframework.boot.test.mock.mockito.MockitoContextCustomizer@54ef0d26, org.springframework.boot.test.context.SpringBootTestArgs@1, org.springframework.boot.test.context.SpringBootTestWebEnvironment@0], resourceBasePath = 'src/main/webapp', contextLoader = 'org.springframework.boot.test.context.SpringBootContextLoader', parent = [null]], attributes = map[[empty]]], class annotated with @DirtiesContext [false] with mode [null].

  .   ____          _            __ _ _
 /\\ / ___'_ __ _ _(_)_ __  __ _ \ \ \ \
( ( )\___ | '_ | '_| | '_ \/ _` | \ \ \ \
 \\/  ___)| |_)| | | | | || (_| |  ) ) ) )
  '  |____| .__|_| |_|_| |_\__, | / / / /
 =========|_|==============|___/=/_/_/_/
 :: Spring Boot ::                (v2.7.5)

2023-01-08 16:19:24.015  INFO 92133 --- [    Test worker] d.h.webtech.web.HabitRestControllerTest  : Starting HabitRestControllerTest using Java 17.0.5 on maxlinuxyoga with PID 92133 (started by max in /home/max/WebTechProjekt_Max)
2023-01-08 16:19:24.016  INFO 92133 --- [    Test worker] d.h.webtech.web.HabitRestControllerTest  : The following 1 profile is active: "test"
2023-01-08 16:19:25.010  INFO 92133 --- [    Test worker] o.s.b.t.m.w.SpringBootMockServletContext : Initializing Spring TestDispatcherServlet ''
2023-01-08 16:19:25.010  INFO 92133 --- [    Test worker] o.s.t.web.servlet.TestDispatcherServlet  : Initializing Servlet ''
2023-01-08 16:19:25.012  INFO 92133 --- [    Test worker] o.s.t.web.servlet.TestDispatcherServlet  : Completed initialization in 1 ms
2023-01-08 16:19:25.037  INFO 92133 --- [    Test worker] d.h.webtech.web.HabitRestControllerTest  : Started HabitRestControllerTest in 1.286 seconds (JVM running for 1.933)
]]></system-out>
  <system-err><![CDATA[]]></system-err>
</testsuite>
